<html>
<body>
<pre>
<h1>Vision Build Log</h1>
<h2>Tool Versions:</h2>
IDE-Version: μVision V5.41.0.0
Copyright (C) 2024 ARM Ltd and ARM Germany GmbH. All rights reserved.
License Information: 11 11, 11, LIC=14QMA-1AZVA-VI05P-M6NHG-8RH7I-F7X5X
 
Tool Versions:
Toolchain:       PK251 Prof. Developers Kit  Version: 5.60.0.0
Toolchain Path:  C:\Keil_v5\C251\BIN
C Compiler:      C251.exe V5.60.0.0
Assembler:       A251.exe V4.69.13.0
Linker/Locator:  L251.exe V4.66.93.0
Library Manager: LIB251.exe V4.30.1.0
Hex Converter:   OH251.exe V1.47.0.0
CPU DLL:         S251.DLL V3.129.0.0
Dialog DLL:      DCORE51.DLL V2.81.6.0
Target DLL:      MON251.DLL V2.51.0.0
Dialog DLL:      TCORE51.DLL V2.66.4.0
 
<h2>Project:</h2>
C:\Work_space_All\Car_20\Car_github\dianciSmartcar\dianciSmartcar\软件\19届\省赛代码\28速硅胶改代码\7_7_31速\4_22stc32F\Project\MDK\SEEKFREE.uvproj
Project File Date:  11/28/2024

<h2>Output:</h2>
Build target 'STC32F12K'
compiling init.c...
Out_File\init.c(49): error C25: syntax error near 'int'
Out_File\init.c(49): error C67: 'i': undefined identifier
Out_File\init.c(49): error C67: 'i': undefined identifier
Out_File\init.c(50): error C67: 'i': undefined identifier
Out_File\init.c(50): warning C96: 'adc_init': too few actual parameters
Out_File\init.c(79): error C25: syntax error near 'int'
Out_File\init.c(79): error C67: 'i': undefined identifier
Out_File\init.c(79): error C67: 'i': undefined identifier
Out_File\init.c(79): error C67: 'i': undefined identifier
Out_File\init.c(81): error C25: syntax error near 'int'
Out_File\init.c(81): error C67: 'j': undefined identifier
Out_File\init.c(81): error C67: 'j': undefined identifier
Out_File\init.c(81): error C67: 'j': undefined identifier
Out_File\init.c(82): error C67: 'j': undefined identifier
Out_File\init.c(82): error C67: 'j': undefined identifier
Out_File\init.c(85): error C25: syntax error near 'int'
Out_File\init.c(85): error C67: 'k': undefined identifier
Out_File\init.c(85): error C67: 'k': undefined identifier
Out_File\init.c(85): error C67: 'k': undefined identifier
Out_File\init.c(87): error C67: 'k': undefined identifier
Out_File\init.c(87): error C67: 'k': undefined identifier
compiling motor.c...
Out_File\motor.c(40): warning C140: 'calculate_motor_speed' undefined; assuming 'extern int calculate_motor_speed()'
Out_File\motor.c(40): warning C95: 'calculate_motor_speed': too many actual parameters
Out_File\motor.c(41): warning C95: 'calculate_motor_speed': too many actual parameters
Out_File\motor.c(59): warning C140: 'update_motor_speed' undefined; assuming 'extern int update_motor_speed()'
Out_File\motor.c(63): warning C140: 'constrain_pwm' undefined; assuming 'extern int constrain_pwm()'
Out_File\motor.c(63): warning C95: 'constrain_pwm': too many actual parameters
Out_File\motor.c(64): warning C95: 'constrain_pwm': too many actual parameters
Out_File\motor.c(67): warning C140: 'control_motor' undefined; assuming 'extern int control_motor()'
Out_File\motor.c(67): warning C95: 'control_motor': too many actual parameters
Out_File\motor.c(68): warning C95: 'control_motor': too many actual parameters
Out_File\motor.c(73): error C53: redefinition of 'calculate_motor_speed': different return types
Out_File\motor.c(80): error C53: redefinition of 'constrain_pwm': different return types
Out_File\motor.c(88): error C53: redefinition of 'control_motor': different return types
Out_File\motor.c(103): error C53: redefinition of 'update_motor_speed': different return types
Target not created.
Build Time Elapsed:  00:00:01
</pre>
</body>
</html>
